0 info it worked if it ends with ok
1 verbose cli [ 'd:\\ReInvent\\node\\node.exe',
1 verbose cli   'd:\\ReInvent\\node\\node_modules\\npm\\bin\\npm-cli.js',
1 verbose cli   'install',
1 verbose cli   'angular-model' ]
2 info using npm@1.4.28
3 info using node@v0.10.34
4 warn package.json crypto@0.0.3 crypto is also the name of a node core module.
5 verbose cache add [ 'angular-model', null ]
6 verbose cache add name=undefined spec="angular-model" args=["angular-model",null]
7 verbose parsed url { protocol: null,
7 verbose parsed url   slashes: null,
7 verbose parsed url   auth: null,
7 verbose parsed url   host: null,
7 verbose parsed url   port: null,
7 verbose parsed url   hostname: null,
7 verbose parsed url   hash: null,
7 verbose parsed url   search: null,
7 verbose parsed url   query: null,
7 verbose parsed url   pathname: 'angular-model',
7 verbose parsed url   path: 'angular-model',
7 verbose parsed url   href: 'angular-model' }
8 silly lockFile 023fcab0-angular-model angular-model
9 verbose lock angular-model C:\Users\KishanM\AppData\Roaming\npm-cache\023fcab0-angular-model.lock
10 silly lockFile 023fcab0-angular-model angular-model
11 silly lockFile 023fcab0-angular-model angular-model
12 verbose addNamed [ 'angular-model', '' ]
13 verbose addNamed [ null, '*' ]
14 silly lockFile 3bb571ff-angular-model angular-model@
15 verbose lock angular-model@ C:\Users\KishanM\AppData\Roaming\npm-cache\3bb571ff-angular-model.lock
16 silly addNameRange { name: 'angular-model', range: '*', hasData: false }
17 verbose request where is /angular-model
18 verbose request registry https://registry.npmjs.org/
19 verbose request id 7bf02a0013c592b7
20 verbose url raw /angular-model
21 verbose url resolving [ 'https://registry.npmjs.org/', './angular-model' ]
22 verbose url resolved https://registry.npmjs.org/angular-model
23 verbose request where is https://registry.npmjs.org/angular-model
24 info trying registry request attempt 1 at 01:39:43
25 http GET https://registry.npmjs.org/angular-model
26 http 404 https://registry.npmjs.org/angular-model
27 verbose headers { date: 'Sat, 10 Jan 2015 20:09:45 GMT',
27 verbose headers   server: 'CouchDB/1.5.0 (Erlang OTP/R16B03)',
27 verbose headers   'content-type': 'application/json',
27 verbose headers   'cache-control': 'max-age=0',
27 verbose headers   'content-length': '52',
27 verbose headers   'accept-ranges': 'bytes',
27 verbose headers   via: '1.1 varnish',
27 verbose headers   age: '0',
27 verbose headers   'x-served-by': 'cache-sn87-SIN',
27 verbose headers   'x-cache': 'MISS',
27 verbose headers   'x-cache-hits': '0',
27 verbose headers   'x-timer': 'S1420920584.936602,VS0,VE850',
27 verbose headers   'keep-alive': 'timeout=10, max=50',
27 verbose headers   connection: 'Keep-Alive' }
28 silly registry.get cb [ 404,
28 silly registry.get   { date: 'Sat, 10 Jan 2015 20:09:45 GMT',
28 silly registry.get     server: 'CouchDB/1.5.0 (Erlang OTP/R16B03)',
28 silly registry.get     'content-type': 'application/json',
28 silly registry.get     'cache-control': 'max-age=0',
28 silly registry.get     'content-length': '52',
28 silly registry.get     'accept-ranges': 'bytes',
28 silly registry.get     via: '1.1 varnish',
28 silly registry.get     age: '0',
28 silly registry.get     'x-served-by': 'cache-sn87-SIN',
28 silly registry.get     'x-cache': 'MISS',
28 silly registry.get     'x-cache-hits': '0',
28 silly registry.get     'x-timer': 'S1420920584.936602,VS0,VE850',
28 silly registry.get     'keep-alive': 'timeout=10, max=50',
28 silly registry.get     connection: 'Keep-Alive' } ]
29 silly lockFile 3bb571ff-angular-model angular-model@
30 silly lockFile 3bb571ff-angular-model angular-model@
31 error 404 404 Not Found: angular-model
31 error 404
31 error 404 'angular-model' is not in the npm registry.
31 error 404 You should bug the author to publish it
31 error 404
31 error 404 Note that you can also install from a
31 error 404 tarball, folder, or http url, or git url.
32 error System Windows_NT 6.1.7601
33 error command "d:\\ReInvent\\node\\node.exe" "d:\\ReInvent\\node\\node_modules\\npm\\bin\\npm-cli.js" "install" "angular-model"
34 error cwd d:\home\pmnote
35 error node -v v0.10.34
36 error npm -v 1.4.28
37 error code E404
38 verbose exit [ 1, true ]
